{"C:\\Users\\Admin\\OpenSourceWebProgrammingFinal\\my-ts-app\\src\\application\\use-cases\\getAllBookings.ts": {"path":"C:\\Users\\Admin\\OpenSourceWebProgrammingFinal\\my-ts-app\\src\\application\\use-cases\\getAllBookings.ts","statementMap":{"0":{"start":{"line":4,"column":0},"end":{"line":4,"column":7}},"1":{"start":{"line":10,"column":0},"end":{"line":10,"column":7}},"2":{"start":{"line":17,"column":0},"end":{"line":17,"column":7}},"3":{"start":{"line":24,"column":0},"end":{"line":24,"column":7}},"4":{"start":{"line":32,"column":0},"end":{"line":32,"column":7}},"5":{"start":{"line":7,"column":2},"end":{"line":7,"column":36}},"6":{"start":{"line":14,"column":2},"end":{"line":14,"column":39}},"7":{"start":{"line":21,"column":2},"end":{"line":21,"column":39}},"8":{"start":{"line":29,"column":2},"end":{"line":29,"column":43}},"9":{"start":{"line":36,"column":2},"end":{"line":36,"column":37}}},"fnMap":{"0":{"name":"getAllBookings","decl":{"start":{"line":4,"column":22},"end":{"line":4,"column":36}},"loc":{"start":{"line":5,"column":32},"end":{"line":8,"column":1}}},"1":{"name":"getBookingById","decl":{"start":{"line":10,"column":22},"end":{"line":10,"column":36}},"loc":{"start":{"line":12,"column":12},"end":{"line":15,"column":1}}},"2":{"name":"createBooking","decl":{"start":{"line":17,"column":22},"end":{"line":17,"column":35}},"loc":{"start":{"line":19,"column":15},"end":{"line":22,"column":1}}},"3":{"name":"updateBooking","decl":{"start":{"line":24,"column":22},"end":{"line":24,"column":35}},"loc":{"start":{"line":27,"column":24},"end":{"line":30,"column":1}}},"4":{"name":"deleteBooking","decl":{"start":{"line":32,"column":22},"end":{"line":32,"column":35}},"loc":{"start":{"line":34,"column":12},"end":{"line":37,"column":1}}}},"branchMap":{},"s":{"0":2,"1":2,"2":2,"3":2,"4":2,"5":3,"6":3,"7":2,"8":2,"9":2},"f":{"0":3,"1":3,"2":2,"3":2,"4":2},"b":{}}
,"C:\\Users\\Admin\\OpenSourceWebProgrammingFinal\\my-ts-app\\src\\application\\use-cases\\getAllCustomers.ts": {"path":"C:\\Users\\Admin\\OpenSourceWebProgrammingFinal\\my-ts-app\\src\\application\\use-cases\\getAllCustomers.ts","statementMap":{"0":{"start":{"line":4,"column":0},"end":{"line":4,"column":7}},"1":{"start":{"line":10,"column":0},"end":{"line":10,"column":7}},"2":{"start":{"line":17,"column":0},"end":{"line":17,"column":7}},"3":{"start":{"line":25,"column":0},"end":{"line":25,"column":7}},"4":{"start":{"line":7,"column":2},"end":{"line":7,"column":36}},"5":{"start":{"line":14,"column":2},"end":{"line":14,"column":39}},"6":{"start":{"line":22,"column":2},"end":{"line":22,"column":43}},"7":{"start":{"line":29,"column":2},"end":{"line":29,"column":37}}},"fnMap":{"0":{"name":"getAllCustomers","decl":{"start":{"line":4,"column":22},"end":{"line":4,"column":37}},"loc":{"start":{"line":5,"column":33},"end":{"line":8,"column":1}}},"1":{"name":"getCustomerById","decl":{"start":{"line":10,"column":22},"end":{"line":10,"column":37}},"loc":{"start":{"line":12,"column":12},"end":{"line":15,"column":1}}},"2":{"name":"updateCustomer","decl":{"start":{"line":17,"column":22},"end":{"line":17,"column":36}},"loc":{"start":{"line":20,"column":25},"end":{"line":23,"column":1}}},"3":{"name":"deleteCustomer","decl":{"start":{"line":25,"column":22},"end":{"line":25,"column":36}},"loc":{"start":{"line":27,"column":12},"end":{"line":30,"column":1}}}},"branchMap":{},"s":{"0":2,"1":2,"2":2,"3":2,"4":3,"5":3,"6":2,"7":2},"f":{"0":3,"1":3,"2":2,"3":2},"b":{}}
,"C:\\Users\\Admin\\OpenSourceWebProgrammingFinal\\my-ts-app\\src\\application\\use-cases\\getAllEquipment.ts": {"path":"C:\\Users\\Admin\\OpenSourceWebProgrammingFinal\\my-ts-app\\src\\application\\use-cases\\getAllEquipment.ts","statementMap":{"0":{"start":{"line":4,"column":0},"end":{"line":4,"column":7}},"1":{"start":{"line":10,"column":0},"end":{"line":10,"column":7}},"2":{"start":{"line":17,"column":0},"end":{"line":17,"column":7}},"3":{"start":{"line":24,"column":0},"end":{"line":24,"column":7}},"4":{"start":{"line":32,"column":0},"end":{"line":32,"column":7}},"5":{"start":{"line":7,"column":2},"end":{"line":7,"column":36}},"6":{"start":{"line":14,"column":2},"end":{"line":14,"column":39}},"7":{"start":{"line":21,"column":2},"end":{"line":21,"column":39}},"8":{"start":{"line":29,"column":2},"end":{"line":29,"column":43}},"9":{"start":{"line":36,"column":2},"end":{"line":36,"column":37}}},"fnMap":{"0":{"name":"getAllEquipment","decl":{"start":{"line":4,"column":22},"end":{"line":4,"column":37}},"loc":{"start":{"line":5,"column":34},"end":{"line":8,"column":1}}},"1":{"name":"getEquipmentById","decl":{"start":{"line":10,"column":22},"end":{"line":10,"column":38}},"loc":{"start":{"line":12,"column":12},"end":{"line":15,"column":1}}},"2":{"name":"createEquipment","decl":{"start":{"line":17,"column":22},"end":{"line":17,"column":37}},"loc":{"start":{"line":19,"column":17},"end":{"line":22,"column":1}}},"3":{"name":"updateEquipment","decl":{"start":{"line":24,"column":22},"end":{"line":24,"column":37}},"loc":{"start":{"line":27,"column":26},"end":{"line":30,"column":1}}},"4":{"name":"deleteEquipment","decl":{"start":{"line":32,"column":22},"end":{"line":32,"column":37}},"loc":{"start":{"line":34,"column":12},"end":{"line":37,"column":1}}}},"branchMap":{},"s":{"0":2,"1":2,"2":2,"3":2,"4":2,"5":3,"6":3,"7":2,"8":2,"9":2},"f":{"0":3,"1":3,"2":2,"3":2,"4":2},"b":{}}
,"C:\\Users\\Admin\\OpenSourceWebProgrammingFinal\\my-ts-app\\src\\application\\use-cases\\loginUser.ts": {"path":"C:\\Users\\Admin\\OpenSourceWebProgrammingFinal\\my-ts-app\\src\\application\\use-cases\\loginUser.ts","statementMap":{"0":{"start":{"line":5,"column":0},"end":{"line":5,"column":7}},"1":{"start":{"line":1,"column":0},"end":{"line":1,"column":30}},"2":{"start":{"line":2,"column":0},"end":{"line":2,"column":31}},"3":{"start":{"line":10,"column":19},"end":{"line":10,"column":54}},"4":{"start":{"line":11,"column":2},"end":{"line":13,"column":3}},"5":{"start":{"line":12,"column":4},"end":{"line":12,"column":49}},"6":{"start":{"line":15,"column":18},"end":{"line":15,"column":67}},"7":{"start":{"line":16,"column":2},"end":{"line":18,"column":3}},"8":{"start":{"line":17,"column":4},"end":{"line":17,"column":49}},"9":{"start":{"line":20,"column":17},"end":{"line":20,"column":49}},"10":{"start":{"line":21,"column":16},"end":{"line":23,"column":4}},"11":{"start":{"line":25,"column":2},"end":{"line":25,"column":15}}},"fnMap":{"0":{"name":"loginUser","decl":{"start":{"line":5,"column":22},"end":{"line":5,"column":31}},"loc":{"start":{"line":8,"column":18},"end":{"line":26,"column":1}}}},"branchMap":{"0":{"loc":{"start":{"line":11,"column":2},"end":{"line":13,"column":3}},"type":"if","locations":[{"start":{"line":11,"column":2},"end":{"line":13,"column":3}},{"start":{},"end":{}}]},"1":{"loc":{"start":{"line":16,"column":2},"end":{"line":18,"column":3}},"type":"if","locations":[{"start":{"line":16,"column":2},"end":{"line":18,"column":3}},{"start":{},"end":{}}]}},"s":{"0":2,"1":2,"2":2,"3":3,"4":3,"5":1,"6":2,"7":2,"8":1,"9":1,"10":1,"11":1},"f":{"0":3},"b":{"0":[1,2],"1":[1,1]}}
,"C:\\Users\\Admin\\OpenSourceWebProgrammingFinal\\my-ts-app\\src\\application\\use-cases\\registerUser.ts": {"path":"C:\\Users\\Admin\\OpenSourceWebProgrammingFinal\\my-ts-app\\src\\application\\use-cases\\registerUser.ts","statementMap":{"0":{"start":{"line":5,"column":0},"end":{"line":5,"column":7}},"1":{"start":{"line":1,"column":0},"end":{"line":1,"column":30}},"2":{"start":{"line":12,"column":19},"end":{"line":12,"column":54}},"3":{"start":{"line":13,"column":2},"end":{"line":15,"column":3}},"4":{"start":{"line":14,"column":4},"end":{"line":14,"column":44}},"5":{"start":{"line":17,"column":25},"end":{"line":17,"column":56}},"6":{"start":{"line":18,"column":29},"end":{"line":18,"column":76}},"7":{"start":{"line":19,"column":2},"end":{"line":19,"column":43}}},"fnMap":{"0":{"name":"registerUser","decl":{"start":{"line":5,"column":22},"end":{"line":5,"column":34}},"loc":{"start":{"line":10,"column":23},"end":{"line":20,"column":1}}}},"branchMap":{"0":{"loc":{"start":{"line":10,"column":2},"end":{"line":10,"column":23}},"type":"default-arg","locations":[{"start":{"line":10,"column":17},"end":{"line":10,"column":23}}]},"1":{"loc":{"start":{"line":13,"column":2},"end":{"line":15,"column":3}},"type":"if","locations":[{"start":{"line":13,"column":2},"end":{"line":15,"column":3}},{"start":{},"end":{}}]}},"s":{"0":2,"1":2,"2":3,"3":3,"4":1,"5":2,"6":2,"7":2},"f":{"0":3},"b":{"0":[2],"1":[1,2]}}
,"C:\\Users\\Admin\\OpenSourceWebProgrammingFinal\\my-ts-app\\src\\presentation\\controllers\\authController.ts": {"path":"C:\\Users\\Admin\\OpenSourceWebProgrammingFinal\\my-ts-app\\src\\presentation\\controllers\\authController.ts","statementMap":{"0":{"start":{"line":8,"column":0},"end":{"line":8,"column":7}},"1":{"start":{"line":24,"column":0},"end":{"line":24,"column":7}},"2":{"start":{"line":2,"column":0},"end":{"line":2,"column":90}},"3":{"start":{"line":3,"column":0},"end":{"line":3,"column":72}},"4":{"start":{"line":4,"column":0},"end":{"line":4,"column":66}},"5":{"start":{"line":6,"column":27},"end":{"line":6,"column":51}},"6":{"start":{"line":9,"column":2},"end":{"line":21,"column":3}},"7":{"start":{"line":10,"column":44},"end":{"line":10,"column":52}},"8":{"start":{"line":11,"column":21},"end":{"line":16,"column":null}},"9":{"start":{"line":18,"column":4},"end":{"line":18,"column":80}},"10":{"start":{"line":20,"column":4},"end":{"line":20,"column":53}},"11":{"start":{"line":25,"column":2},"end":{"line":31,"column":3}},"12":{"start":{"line":26,"column":32},"end":{"line":26,"column":40}},"13":{"start":{"line":27,"column":18},"end":{"line":27,"column":70}},"14":{"start":{"line":28,"column":4},"end":{"line":28,"column":65}},"15":{"start":{"line":30,"column":4},"end":{"line":30,"column":53}}},"fnMap":{"0":{"name":"register","decl":{"start":{"line":8,"column":22},"end":{"line":8,"column":30}},"loc":{"start":{"line":8,"column":58},"end":{"line":22,"column":1}}},"1":{"name":"login","decl":{"start":{"line":24,"column":22},"end":{"line":24,"column":27}},"loc":{"start":{"line":24,"column":55},"end":{"line":32,"column":1}}}},"branchMap":{},"s":{"0":1,"1":1,"2":1,"3":1,"4":1,"5":1,"6":2,"7":2,"8":2,"9":1,"10":1,"11":1,"12":1,"13":1,"14":0,"15":1},"f":{"0":2,"1":1},"b":{}}
,"C:\\Users\\Admin\\OpenSourceWebProgrammingFinal\\my-ts-app\\src\\presentation\\controllers\\bookingController.ts": {"path":"C:\\Users\\Admin\\OpenSourceWebProgrammingFinal\\my-ts-app\\src\\presentation\\controllers\\bookingController.ts","statementMap":{"0":{"start":{"line":13,"column":0},"end":{"line":13,"column":7}},"1":{"start":{"line":22,"column":0},"end":{"line":22,"column":7}},"2":{"start":{"line":38,"column":0},"end":{"line":38,"column":7}},"3":{"start":{"line":50,"column":0},"end":{"line":50,"column":7}},"4":{"start":{"line":70,"column":0},"end":{"line":70,"column":7}},"5":{"start":{"line":2,"column":0},"end":{"line":2,"column":88}},"6":{"start":{"line":3,"column":0},"end":{"line":3,"column":null}},"7":{"start":{"line":11,"column":19},"end":{"line":11,"column":42}},"8":{"start":{"line":14,"column":2},"end":{"line":19,"column":3}},"9":{"start":{"line":15,"column":21},"end":{"line":15,"column":53}},"10":{"start":{"line":16,"column":4},"end":{"line":16,"column":23}},"11":{"start":{"line":18,"column":4},"end":{"line":18,"column":53}},"12":{"start":{"line":26,"column":2},"end":{"line":35,"column":3}},"13":{"start":{"line":27,"column":20},"end":{"line":27,"column":77}},"14":{"start":{"line":28,"column":4},"end":{"line":31,"column":5}},"15":{"start":{"line":29,"column":6},"end":{"line":29,"column":61}},"16":{"start":{"line":30,"column":6},"end":{"line":30,"column":13}},"17":{"start":{"line":32,"column":4},"end":{"line":32,"column":22}},"18":{"start":{"line":34,"column":4},"end":{"line":34,"column":53}},"19":{"start":{"line":42,"column":2},"end":{"line":47,"column":3}},"20":{"start":{"line":43,"column":20},"end":{"line":43,"column":61}},"21":{"start":{"line":44,"column":4},"end":{"line":44,"column":34}},"22":{"start":{"line":46,"column":4},"end":{"line":46,"column":53}},"23":{"start":{"line":54,"column":2},"end":{"line":67,"column":3}},"24":{"start":{"line":55,"column":20},"end":{"line":58,"column":null}},"25":{"start":{"line":60,"column":4},"end":{"line":63,"column":5}},"26":{"start":{"line":61,"column":6},"end":{"line":61,"column":61}},"27":{"start":{"line":62,"column":6},"end":{"line":62,"column":13}},"28":{"start":{"line":64,"column":4},"end":{"line":64,"column":22}},"29":{"start":{"line":66,"column":4},"end":{"line":66,"column":53}},"30":{"start":{"line":74,"column":2},"end":{"line":83,"column":3}},"31":{"start":{"line":75,"column":20},"end":{"line":75,"column":76}},"32":{"start":{"line":76,"column":4},"end":{"line":79,"column":5}},"33":{"start":{"line":77,"column":6},"end":{"line":77,"column":61}},"34":{"start":{"line":78,"column":6},"end":{"line":78,"column":13}},"35":{"start":{"line":80,"column":4},"end":{"line":80,"column":58}},"36":{"start":{"line":82,"column":4},"end":{"line":82,"column":53}}},"fnMap":{"0":{"name":"getBookings","decl":{"start":{"line":13,"column":22},"end":{"line":13,"column":33}},"loc":{"start":{"line":13,"column":61},"end":{"line":20,"column":1}}},"1":{"name":"getBookingByIdHandler","decl":{"start":{"line":22,"column":22},"end":{"line":22,"column":43}},"loc":{"start":{"line":24,"column":15},"end":{"line":36,"column":1}}},"2":{"name":"createBookingHandler","decl":{"start":{"line":38,"column":22},"end":{"line":38,"column":42}},"loc":{"start":{"line":40,"column":15},"end":{"line":48,"column":1}}},"3":{"name":"updateBookingHandler","decl":{"start":{"line":50,"column":22},"end":{"line":50,"column":42}},"loc":{"start":{"line":52,"column":15},"end":{"line":68,"column":1}}},"4":{"name":"deleteBookingHandler","decl":{"start":{"line":70,"column":22},"end":{"line":70,"column":42}},"loc":{"start":{"line":72,"column":15},"end":{"line":84,"column":1}}}},"branchMap":{"0":{"loc":{"start":{"line":28,"column":4},"end":{"line":31,"column":5}},"type":"if","locations":[{"start":{"line":28,"column":4},"end":{"line":31,"column":5}},{"start":{},"end":{}}]},"1":{"loc":{"start":{"line":60,"column":4},"end":{"line":63,"column":5}},"type":"if","locations":[{"start":{"line":60,"column":4},"end":{"line":63,"column":5}},{"start":{},"end":{}}]},"2":{"loc":{"start":{"line":76,"column":4},"end":{"line":79,"column":5}},"type":"if","locations":[{"start":{"line":76,"column":4},"end":{"line":79,"column":5}},{"start":{},"end":{}}]}},"s":{"0":1,"1":1,"2":1,"3":1,"4":1,"5":1,"6":1,"7":1,"8":2,"9":2,"10":2,"11":0,"12":2,"13":2,"14":2,"15":0,"16":0,"17":2,"18":0,"19":1,"20":1,"21":1,"22":0,"23":1,"24":1,"25":1,"26":0,"27":0,"28":1,"29":0,"30":1,"31":1,"32":1,"33":0,"34":0,"35":1,"36":0},"f":{"0":2,"1":2,"2":1,"3":1,"4":1},"b":{"0":[0,2],"1":[0,1],"2":[0,1]}}
,"C:\\Users\\Admin\\OpenSourceWebProgrammingFinal\\my-ts-app\\src\\presentation\\controllers\\customerController.ts": {"path":"C:\\Users\\Admin\\OpenSourceWebProgrammingFinal\\my-ts-app\\src\\presentation\\controllers\\customerController.ts","statementMap":{"0":{"start":{"line":12,"column":0},"end":{"line":12,"column":7}},"1":{"start":{"line":21,"column":0},"end":{"line":21,"column":7}},"2":{"start":{"line":37,"column":0},"end":{"line":37,"column":7}},"3":{"start":{"line":57,"column":0},"end":{"line":57,"column":7}},"4":{"start":{"line":2,"column":0},"end":{"line":2,"column":90}},"5":{"start":{"line":3,"column":0},"end":{"line":3,"column":null}},"6":{"start":{"line":10,"column":19},"end":{"line":10,"column":43}},"7":{"start":{"line":13,"column":2},"end":{"line":18,"column":3}},"8":{"start":{"line":14,"column":22},"end":{"line":14,"column":55}},"9":{"start":{"line":15,"column":4},"end":{"line":15,"column":24}},"10":{"start":{"line":17,"column":4},"end":{"line":17,"column":53}},"11":{"start":{"line":25,"column":2},"end":{"line":34,"column":3}},"12":{"start":{"line":26,"column":21},"end":{"line":26,"column":79}},"13":{"start":{"line":27,"column":4},"end":{"line":30,"column":5}},"14":{"start":{"line":28,"column":6},"end":{"line":28,"column":62}},"15":{"start":{"line":29,"column":6},"end":{"line":29,"column":13}},"16":{"start":{"line":31,"column":4},"end":{"line":31,"column":23}},"17":{"start":{"line":33,"column":4},"end":{"line":33,"column":53}},"18":{"start":{"line":41,"column":2},"end":{"line":54,"column":3}},"19":{"start":{"line":42,"column":21},"end":{"line":45,"column":null}},"20":{"start":{"line":47,"column":4},"end":{"line":50,"column":5}},"21":{"start":{"line":48,"column":6},"end":{"line":48,"column":62}},"22":{"start":{"line":49,"column":6},"end":{"line":49,"column":13}},"23":{"start":{"line":51,"column":4},"end":{"line":51,"column":23}},"24":{"start":{"line":53,"column":4},"end":{"line":53,"column":53}},"25":{"start":{"line":61,"column":2},"end":{"line":70,"column":3}},"26":{"start":{"line":62,"column":20},"end":{"line":62,"column":77}},"27":{"start":{"line":63,"column":4},"end":{"line":66,"column":5}},"28":{"start":{"line":64,"column":6},"end":{"line":64,"column":62}},"29":{"start":{"line":65,"column":6},"end":{"line":65,"column":13}},"30":{"start":{"line":67,"column":4},"end":{"line":67,"column":59}},"31":{"start":{"line":69,"column":4},"end":{"line":69,"column":53}}},"fnMap":{"0":{"name":"getCustomers","decl":{"start":{"line":12,"column":22},"end":{"line":12,"column":34}},"loc":{"start":{"line":12,"column":62},"end":{"line":19,"column":1}}},"1":{"name":"getCustomerByIdHandler","decl":{"start":{"line":21,"column":22},"end":{"line":21,"column":44}},"loc":{"start":{"line":23,"column":15},"end":{"line":35,"column":1}}},"2":{"name":"updateCustomerHandler","decl":{"start":{"line":37,"column":22},"end":{"line":37,"column":43}},"loc":{"start":{"line":39,"column":15},"end":{"line":55,"column":1}}},"3":{"name":"deleteCustomerHandler","decl":{"start":{"line":57,"column":22},"end":{"line":57,"column":43}},"loc":{"start":{"line":59,"column":15},"end":{"line":71,"column":1}}}},"branchMap":{"0":{"loc":{"start":{"line":27,"column":4},"end":{"line":30,"column":5}},"type":"if","locations":[{"start":{"line":27,"column":4},"end":{"line":30,"column":5}},{"start":{},"end":{}}]},"1":{"loc":{"start":{"line":47,"column":4},"end":{"line":50,"column":5}},"type":"if","locations":[{"start":{"line":47,"column":4},"end":{"line":50,"column":5}},{"start":{},"end":{}}]},"2":{"loc":{"start":{"line":63,"column":4},"end":{"line":66,"column":5}},"type":"if","locations":[{"start":{"line":63,"column":4},"end":{"line":66,"column":5}},{"start":{},"end":{}}]}},"s":{"0":1,"1":1,"2":1,"3":1,"4":1,"5":1,"6":1,"7":2,"8":2,"9":2,"10":0,"11":2,"12":2,"13":2,"14":0,"15":0,"16":2,"17":0,"18":1,"19":1,"20":1,"21":0,"22":0,"23":1,"24":0,"25":1,"26":1,"27":1,"28":0,"29":0,"30":1,"31":0},"f":{"0":2,"1":2,"2":1,"3":1},"b":{"0":[0,2],"1":[0,1],"2":[0,1]}}
,"C:\\Users\\Admin\\OpenSourceWebProgrammingFinal\\my-ts-app\\src\\presentation\\controllers\\equipmentController.ts": {"path":"C:\\Users\\Admin\\OpenSourceWebProgrammingFinal\\my-ts-app\\src\\presentation\\controllers\\equipmentController.ts","statementMap":{"0":{"start":{"line":13,"column":0},"end":{"line":13,"column":7}},"1":{"start":{"line":22,"column":0},"end":{"line":22,"column":7}},"2":{"start":{"line":41,"column":0},"end":{"line":41,"column":7}},"3":{"start":{"line":53,"column":0},"end":{"line":53,"column":7}},"4":{"start":{"line":73,"column":0},"end":{"line":73,"column":7}},"5":{"start":{"line":2,"column":0},"end":{"line":2,"column":92}},"6":{"start":{"line":3,"column":0},"end":{"line":3,"column":null}},"7":{"start":{"line":11,"column":19},"end":{"line":11,"column":44}},"8":{"start":{"line":14,"column":2},"end":{"line":19,"column":3}},"9":{"start":{"line":15,"column":22},"end":{"line":15,"column":55}},"10":{"start":{"line":16,"column":4},"end":{"line":16,"column":24}},"11":{"start":{"line":18,"column":4},"end":{"line":18,"column":53}},"12":{"start":{"line":26,"column":2},"end":{"line":38,"column":3}},"13":{"start":{"line":27,"column":22},"end":{"line":29,"column":null}},"14":{"start":{"line":31,"column":4},"end":{"line":34,"column":5}},"15":{"start":{"line":32,"column":6},"end":{"line":32,"column":63}},"16":{"start":{"line":33,"column":6},"end":{"line":33,"column":13}},"17":{"start":{"line":35,"column":4},"end":{"line":35,"column":24}},"18":{"start":{"line":37,"column":4},"end":{"line":37,"column":53}},"19":{"start":{"line":45,"column":2},"end":{"line":50,"column":3}},"20":{"start":{"line":46,"column":22},"end":{"line":46,"column":65}},"21":{"start":{"line":47,"column":4},"end":{"line":47,"column":36}},"22":{"start":{"line":49,"column":4},"end":{"line":49,"column":53}},"23":{"start":{"line":57,"column":2},"end":{"line":70,"column":3}},"24":{"start":{"line":58,"column":22},"end":{"line":61,"column":null}},"25":{"start":{"line":63,"column":4},"end":{"line":66,"column":5}},"26":{"start":{"line":64,"column":6},"end":{"line":64,"column":63}},"27":{"start":{"line":65,"column":6},"end":{"line":65,"column":13}},"28":{"start":{"line":67,"column":4},"end":{"line":67,"column":24}},"29":{"start":{"line":69,"column":4},"end":{"line":69,"column":53}},"30":{"start":{"line":77,"column":2},"end":{"line":86,"column":3}},"31":{"start":{"line":78,"column":20},"end":{"line":78,"column":78}},"32":{"start":{"line":79,"column":4},"end":{"line":82,"column":5}},"33":{"start":{"line":80,"column":6},"end":{"line":80,"column":63}},"34":{"start":{"line":81,"column":6},"end":{"line":81,"column":13}},"35":{"start":{"line":83,"column":4},"end":{"line":83,"column":60}},"36":{"start":{"line":85,"column":4},"end":{"line":85,"column":53}}},"fnMap":{"0":{"name":"getEquipment","decl":{"start":{"line":13,"column":22},"end":{"line":13,"column":34}},"loc":{"start":{"line":13,"column":62},"end":{"line":20,"column":1}}},"1":{"name":"getEquipmentByIdHandler","decl":{"start":{"line":22,"column":22},"end":{"line":22,"column":45}},"loc":{"start":{"line":24,"column":15},"end":{"line":39,"column":1}}},"2":{"name":"createEquipmentHandler","decl":{"start":{"line":41,"column":22},"end":{"line":41,"column":44}},"loc":{"start":{"line":43,"column":15},"end":{"line":51,"column":1}}},"3":{"name":"updateEquipmentHandler","decl":{"start":{"line":53,"column":22},"end":{"line":53,"column":44}},"loc":{"start":{"line":55,"column":15},"end":{"line":71,"column":1}}},"4":{"name":"deleteEquipmentHandler","decl":{"start":{"line":73,"column":22},"end":{"line":73,"column":44}},"loc":{"start":{"line":75,"column":15},"end":{"line":87,"column":1}}}},"branchMap":{"0":{"loc":{"start":{"line":31,"column":4},"end":{"line":34,"column":5}},"type":"if","locations":[{"start":{"line":31,"column":4},"end":{"line":34,"column":5}},{"start":{},"end":{}}]},"1":{"loc":{"start":{"line":63,"column":4},"end":{"line":66,"column":5}},"type":"if","locations":[{"start":{"line":63,"column":4},"end":{"line":66,"column":5}},{"start":{},"end":{}}]},"2":{"loc":{"start":{"line":79,"column":4},"end":{"line":82,"column":5}},"type":"if","locations":[{"start":{"line":79,"column":4},"end":{"line":82,"column":5}},{"start":{},"end":{}}]}},"s":{"0":1,"1":1,"2":1,"3":1,"4":1,"5":1,"6":1,"7":1,"8":2,"9":2,"10":2,"11":0,"12":2,"13":2,"14":2,"15":0,"16":0,"17":2,"18":0,"19":1,"20":1,"21":1,"22":0,"23":1,"24":1,"25":1,"26":0,"27":0,"28":1,"29":0,"30":1,"31":1,"32":1,"33":0,"34":0,"35":1,"36":0},"f":{"0":2,"1":2,"2":1,"3":1,"4":1},"b":{"0":[0,2],"1":[0,1],"2":[0,1]}}
,"C:\\Users\\Admin\\OpenSourceWebProgrammingFinal\\my-ts-app\\src\\presentation\\middleware\\authMiddleware.ts": {"path":"C:\\Users\\Admin\\OpenSourceWebProgrammingFinal\\my-ts-app\\src\\presentation\\middleware\\authMiddleware.ts","statementMap":{"0":{"start":{"line":8,"column":0},"end":{"line":8,"column":16}},"1":{"start":{"line":31,"column":0},"end":{"line":31,"column":16}},"2":{"start":{"line":2,"column":0},"end":{"line":2,"column":31}},"3":{"start":{"line":13,"column":21},"end":{"line":13,"column":49}},"4":{"start":{"line":14,"column":16},"end":{"line":14,"column":54}},"5":{"start":{"line":16,"column":2},"end":{"line":19,"column":3}},"6":{"start":{"line":17,"column":4},"end":{"line":17,"column":63}},"7":{"start":{"line":18,"column":4},"end":{"line":18,"column":11}},"8":{"start":{"line":21,"column":2},"end":{"line":28,"column":3}},"9":{"start":{"line":22,"column":19},"end":{"line":22,"column":51}},"10":{"start":{"line":23,"column":20},"end":{"line":23,"column":77}},"11":{"start":{"line":24,"column":4},"end":{"line":24,"column":23}},"12":{"start":{"line":25,"column":4},"end":{"line":25,"column":11}},"13":{"start":{"line":27,"column":4},"end":{"line":27,"column":66}},"14":{"start":{"line":36,"column":2},"end":{"line":39,"column":3}},"15":{"start":{"line":37,"column":4},"end":{"line":37,"column":63}},"16":{"start":{"line":38,"column":4},"end":{"line":38,"column":11}},"17":{"start":{"line":40,"column":2},"end":{"line":40,"column":9}}},"fnMap":{"0":{"name":"authenticateToken","decl":{"start":{"line":8,"column":16},"end":{"line":8,"column":33}},"loc":{"start":{"line":11,"column":20},"end":{"line":29,"column":1}}},"1":{"name":"authorizeAdmin","decl":{"start":{"line":31,"column":16},"end":{"line":31,"column":30}},"loc":{"start":{"line":34,"column":20},"end":{"line":41,"column":1}}}},"branchMap":{"0":{"loc":{"start":{"line":14,"column":16},"end":{"line":14,"column":54}},"type":"binary-expr","locations":[{"start":{"line":14,"column":16},"end":{"line":14,"column":26}},{"start":{"line":14,"column":30},"end":{"line":14,"column":54}}]},"1":{"loc":{"start":{"line":16,"column":2},"end":{"line":19,"column":3}},"type":"if","locations":[{"start":{"line":16,"column":2},"end":{"line":19,"column":3}},{"start":{},"end":{}}]},"2":{"loc":{"start":{"line":36,"column":2},"end":{"line":39,"column":3}},"type":"if","locations":[{"start":{"line":36,"column":2},"end":{"line":39,"column":3}},{"start":{},"end":{}}]}},"s":{"0":1,"1":1,"2":1,"3":3,"4":3,"5":3,"6":1,"7":1,"8":2,"9":2,"10":2,"11":1,"12":1,"13":1,"14":2,"15":1,"16":1,"17":1},"f":{"0":3,"1":2},"b":{"0":[3,2],"1":[1,2],"2":[1,1]}}
,"C:\\Users\\Admin\\OpenSourceWebProgrammingFinal\\my-ts-app\\src\\presentation\\middleware\\loggerMiddleware.ts": {"path":"C:\\Users\\Admin\\OpenSourceWebProgrammingFinal\\my-ts-app\\src\\presentation\\middleware\\loggerMiddleware.ts","statementMap":{"0":{"start":{"line":3,"column":0},"end":{"line":3,"column":16}},"1":{"start":{"line":8,"column":20},"end":{"line":8,"column":44}},"2":{"start":{"line":9,"column":2},"end":{"line":9,"column":57}},"3":{"start":{"line":10,"column":2},"end":{"line":10,"column":9}}},"fnMap":{"0":{"name":"loggerMiddleware","decl":{"start":{"line":3,"column":16},"end":{"line":3,"column":32}},"loc":{"start":{"line":6,"column":20},"end":{"line":11,"column":1}}}},"branchMap":{},"s":{"0":1,"1":1,"2":1,"3":1},"f":{"0":1},"b":{}}
}
