TN:
SF:src\application\use-cases\getAllBookings.ts
FN:4,getAllBookings
FN:10,getBookingById
FN:17,createBooking
FN:24,updateBooking
FN:32,deleteBooking
FNF:5
FNH:5
FNDA:3,getAllBookings
FNDA:3,getBookingById
FNDA:2,createBooking
FNDA:2,updateBooking
FNDA:2,deleteBooking
DA:4,2
DA:7,3
DA:10,2
DA:14,3
DA:17,2
DA:21,2
DA:24,2
DA:29,2
DA:32,2
DA:36,2
LF:10
LH:10
BRF:0
BRH:0
end_of_record
TN:
SF:src\application\use-cases\getAllCustomers.ts
FN:4,getAllCustomers
FN:10,getCustomerById
FN:17,updateCustomer
FN:25,deleteCustomer
FNF:4
FNH:4
FNDA:3,getAllCustomers
FNDA:3,getCustomerById
FNDA:2,updateCustomer
FNDA:2,deleteCustomer
DA:4,2
DA:7,3
DA:10,2
DA:14,3
DA:17,2
DA:22,2
DA:25,2
DA:29,2
LF:8
LH:8
BRF:0
BRH:0
end_of_record
TN:
SF:src\application\use-cases\getAllEquipment.ts
FN:4,getAllEquipment
FN:10,getEquipmentById
FN:17,createEquipment
FN:24,updateEquipment
FN:32,deleteEquipment
FNF:5
FNH:5
FNDA:3,getAllEquipment
FNDA:3,getEquipmentById
FNDA:2,createEquipment
FNDA:2,updateEquipment
FNDA:2,deleteEquipment
DA:4,2
DA:7,3
DA:10,2
DA:14,3
DA:17,2
DA:21,2
DA:24,2
DA:29,2
DA:32,2
DA:36,2
LF:10
LH:10
BRF:0
BRH:0
end_of_record
TN:
SF:src\application\use-cases\loginUser.ts
FN:5,loginUser
FNF:1
FNH:1
FNDA:3,loginUser
DA:1,2
DA:2,2
DA:5,2
DA:10,3
DA:11,3
DA:12,1
DA:15,2
DA:16,2
DA:17,1
DA:20,1
DA:21,1
DA:25,1
LF:12
LH:12
BRDA:11,0,0,1
BRDA:11,0,1,2
BRDA:16,1,0,1
BRDA:16,1,1,1
BRF:4
BRH:4
end_of_record
TN:
SF:src\application\use-cases\registerUser.ts
FN:5,registerUser
FNF:1
FNH:1
FNDA:3,registerUser
DA:1,2
DA:5,2
DA:12,3
DA:13,3
DA:14,1
DA:17,2
DA:18,2
DA:19,2
LF:8
LH:8
BRDA:10,0,0,2
BRDA:13,1,0,1
BRDA:13,1,1,2
BRF:3
BRH:3
end_of_record
TN:
SF:src\presentation\controllers\authController.ts
FN:8,register
FN:24,login
FNF:2
FNH:2
FNDA:2,register
FNDA:1,login
DA:2,1
DA:3,1
DA:4,1
DA:6,1
DA:8,1
DA:9,2
DA:10,2
DA:11,2
DA:18,1
DA:20,1
DA:24,1
DA:25,1
DA:26,1
DA:27,1
DA:28,0
DA:30,1
LF:16
LH:15
BRF:0
BRH:0
end_of_record
TN:
SF:src\presentation\controllers\bookingController.ts
FN:13,getBookings
FN:22,getBookingByIdHandler
FN:38,createBookingHandler
FN:50,updateBookingHandler
FN:70,deleteBookingHandler
FNF:5
FNH:5
FNDA:2,getBookings
FNDA:2,getBookingByIdHandler
FNDA:1,createBookingHandler
FNDA:1,updateBookingHandler
FNDA:1,deleteBookingHandler
DA:2,1
DA:3,1
DA:11,1
DA:13,1
DA:14,2
DA:15,2
DA:16,2
DA:18,0
DA:22,1
DA:26,2
DA:27,2
DA:28,2
DA:29,0
DA:30,0
DA:32,2
DA:34,0
DA:38,1
DA:42,1
DA:43,1
DA:44,1
DA:46,0
DA:50,1
DA:54,1
DA:55,1
DA:60,1
DA:61,0
DA:62,0
DA:64,1
DA:66,0
DA:70,1
DA:74,1
DA:75,1
DA:76,1
DA:77,0
DA:78,0
DA:80,1
DA:82,0
LF:37
LH:26
BRDA:28,0,0,0
BRDA:28,0,1,2
BRDA:60,1,0,0
BRDA:60,1,1,1
BRDA:76,2,0,0
BRDA:76,2,1,1
BRF:6
BRH:3
end_of_record
TN:
SF:src\presentation\controllers\customerController.ts
FN:12,getCustomers
FN:21,getCustomerByIdHandler
FN:37,updateCustomerHandler
FN:57,deleteCustomerHandler
FNF:4
FNH:4
FNDA:2,getCustomers
FNDA:2,getCustomerByIdHandler
FNDA:1,updateCustomerHandler
FNDA:1,deleteCustomerHandler
DA:2,1
DA:3,1
DA:10,1
DA:12,1
DA:13,2
DA:14,2
DA:15,2
DA:17,0
DA:21,1
DA:25,2
DA:26,2
DA:27,2
DA:28,0
DA:29,0
DA:31,2
DA:33,0
DA:37,1
DA:41,1
DA:42,1
DA:47,1
DA:48,0
DA:49,0
DA:51,1
DA:53,0
DA:57,1
DA:61,1
DA:62,1
DA:63,1
DA:64,0
DA:65,0
DA:67,1
DA:69,0
LF:32
LH:22
BRDA:27,0,0,0
BRDA:27,0,1,2
BRDA:47,1,0,0
BRDA:47,1,1,1
BRDA:63,2,0,0
BRDA:63,2,1,1
BRF:6
BRH:3
end_of_record
TN:
SF:src\presentation\controllers\equipmentController.ts
FN:13,getEquipment
FN:22,getEquipmentByIdHandler
FN:41,createEquipmentHandler
FN:53,updateEquipmentHandler
FN:73,deleteEquipmentHandler
FNF:5
FNH:5
FNDA:2,getEquipment
FNDA:2,getEquipmentByIdHandler
FNDA:1,createEquipmentHandler
FNDA:1,updateEquipmentHandler
FNDA:1,deleteEquipmentHandler
DA:2,1
DA:3,1
DA:11,1
DA:13,1
DA:14,2
DA:15,2
DA:16,2
DA:18,0
DA:22,1
DA:26,2
DA:27,2
DA:31,2
DA:32,0
DA:33,0
DA:35,2
DA:37,0
DA:41,1
DA:45,1
DA:46,1
DA:47,1
DA:49,0
DA:53,1
DA:57,1
DA:58,1
DA:63,1
DA:64,0
DA:65,0
DA:67,1
DA:69,0
DA:73,1
DA:77,1
DA:78,1
DA:79,1
DA:80,0
DA:81,0
DA:83,1
DA:85,0
LF:37
LH:26
BRDA:31,0,0,0
BRDA:31,0,1,2
BRDA:63,1,0,0
BRDA:63,1,1,1
BRDA:79,2,0,0
BRDA:79,2,1,1
BRF:6
BRH:3
end_of_record
TN:
SF:src\presentation\middleware\authMiddleware.ts
FN:8,authenticateToken
FN:31,authorizeAdmin
FNF:2
FNH:2
FNDA:3,authenticateToken
FNDA:2,authorizeAdmin
DA:2,1
DA:8,1
DA:13,3
DA:14,3
DA:16,3
DA:17,1
DA:18,1
DA:21,2
DA:22,2
DA:23,2
DA:24,1
DA:25,1
DA:27,1
DA:31,1
DA:36,2
DA:37,1
DA:38,1
DA:40,1
LF:18
LH:18
BRDA:14,0,0,3
BRDA:14,0,1,2
BRDA:16,1,0,1
BRDA:16,1,1,2
BRDA:36,2,0,1
BRDA:36,2,1,1
BRF:6
BRH:6
end_of_record
TN:
SF:src\presentation\middleware\loggerMiddleware.ts
FN:3,loggerMiddleware
FNF:1
FNH:1
FNDA:1,loggerMiddleware
DA:3,1
DA:8,1
DA:9,1
DA:10,1
LF:4
LH:4
BRF:0
BRH:0
end_of_record
